[2026-02-26 22:40:26] [INFO] Minecraft 종료 감지
[2026-02-26 22:40:26] [INFO] 모드 환경 정리 중...
[2026-02-26 22:40:26] [INFO] 세션 종료
[2026-02-26 22:55:21] [WARN] 알 수 없는 명령어: !lsit
[2026-02-26 22:55:30] [INFO] Cursed-Walking-pack 팩 적용 시작
[2026-02-26 22:55:30] [INFO] 기존 모드 환경 정리 중...
[2026-02-26 22:55:30] [INFO] config 적용 중...
[2026-02-26 22:55:32] [INFO] defaultconfigs 적용 중...
[2026-02-26 22:55:32] [INFO] fancymenu_data 적용 중...
[2026-02-26 22:55:32] [INFO] options.txt 적용 중...
[2026-02-26 22:55:32] [INFO] 모드팩 적용 완료
[2026-02-26 22:55:32] [INFO] Forge 설치를 위해 인스톨러 GUI가 실행됩니다.
[2026-02-26 22:55:32] [INFO] 설치가 완료되면 자동으로 진행됩니다.
[2026-02-26 22:56:12] [INFO] Minecraft 실행 대기 중...
[2026-02-26 22:56:18] [INFO] Minecraft.exe 감지됨
[2026-02-26 22:56:18] [INFO] Minecraft 종료 대기 중...
[2026-02-26 22:58:00] [INFO] 
[EXIT] Ctrl+C 감지, Modular 종료
[2026-02-26 22:58:17] [INFO] Modular 시작
[2026-02-26 22:58:23] [INFO] Cursed-Walking-pack 팩 적용 시작
[2026-02-26 22:58:23] [INFO] 기존 모드 환경 정리 중...
[2026-02-26 22:58:23] [INFO] config 적용 중...
[2026-02-26 22:58:26] [INFO] defaultconfigs 적용 중...
[2026-02-26 22:58:26] [INFO] fancymenu_data 적용 중...
[2026-02-26 22:58:26] [INFO] options.txt 적용 중...
[2026-02-26 22:58:26] [INFO] 모드팩 적용 완료
[2026-02-26 22:58:26] [INFO] Forge 설치를 위해 인스톨러 GUI가 실행됩니다.
[2026-02-26 22:58:26] [INFO] 설치가 완료되면 자동으로 진행됩니다.
[2026-02-26 22:58:26] [INFO] Modular 시작
[2026-02-26 22:58:44] [INFO] Minecraft 실행 대기 중...
[2026-02-26 22:58:44] [INFO] Minecraft.exe 감지됨
[2026-02-26 22:58:44] [INFO] Minecraft 종료 대기 중...
[2026-02-26 23:02:42] [INFO] 
[EXIT] Ctrl+C 감지, Modular 종료
[2026-02-26 23:02:48] [INFO] Modular 시작
[2026-02-26 23:03:57] [INFO] Cursed-walking-pack 팩 적용 시작
[2026-02-26 23:03:57] [INFO] 기존 모드 환경 정리 중...
[2026-02-26 23:03:57] [INFO] mods 적용 중...
[2026-02-26 23:03:57] [INFO] config 적용 중...
[2026-02-26 23:03:59] [INFO] defaultconfigs 적용 중...
[2026-02-26 23:03:59] [INFO] kubejs 적용 중...
[2026-02-26 23:03:59] [INFO] resourcepacks 적용 중...
[2026-02-26 23:03:59] [INFO] shaderpacks 적용 중...
[2026-02-26 23:04:00] [INFO] fancymenu_data 적용 중...
[2026-02-26 23:04:00] [INFO] options.txt 적용 중...
[2026-02-26 23:04:00] [INFO] 모드팩 적용 완료
[2026-02-26 23:04:00] [INFO] Forge 설치를 위해 인스톨러 GUI가 실행됩니다.
[2026-02-26 23:04:00] [INFO] 설치가 완료되면 자동으로 진행됩니다.
[2026-02-26 23:04:33] [INFO] Minecraft 실행 대기 중...
[2026-02-26 23:04:33] [INFO] Minecraft.exe 감지됨
[2026-02-26 23:04:33] [INFO] Minecraft 종료 대기 중...
[2026-02-27 01:20:00] [INFO] Modular 시작
[2026-02-27 01:20:10] [WARN] 알 수 없는 명령어: !Village-pack
[2026-02-27 01:20:14] [INFO] Village-pack 팩 적용 시작
[2026-02-27 01:20:14] [INFO] 기존 모드 환경 정리 중...
[2026-02-27 01:20:15] [INFO] mods 적용 중...
[2026-02-27 01:20:15] [INFO] config 적용 중...
[2026-02-27 01:20:16] [INFO] defaultconfigs 적용 중...
[2026-02-27 01:20:16] [INFO] kubejs 적용 중...
[2026-02-27 01:20:17] [INFO] datapacks 적용 중...
[2026-02-27 01:20:17] [INFO] resourcepacks 적용 중...
[2026-02-27 01:20:17] [INFO] shaderpacks 적용 중...
[2026-02-27 01:20:17] [INFO] 모드팩 적용 완료
[2026-02-27 01:20:17] [INFO] Forge 설치를 위해 인스톨러 GUI가 실행됩니다.
[2026-02-27 01:20:17] [INFO] 설치가 완료되면 자동으로 진행됩니다.
[2026-02-27 01:20:47] [INFO] Minecraft 실행 대기 중...
[2026-02-27 01:20:50] [INFO] Minecraft.exe 감지됨
[2026-02-27 01:20:50] [INFO] Minecraft 종료 대기 중...
[2026-02-27 01:31:41] [INFO] Minecraft 종료 감지
[2026-02-27 01:31:41] [INFO] 모드 환경 정리 중...
[2026-02-27 01:31:42] [INFO] 세션 종료
[2026-02-27 01:31:47] [INFO] Village-pack 팩 적용 시작
[2026-02-27 01:31:47] [INFO] 기존 모드 환경 정리 중...
[2026-02-27 01:31:47] [INFO] mods 적용 중...
[2026-02-27 01:31:48] [INFO] config 적용 중...
[2026-02-27 01:31:49] [INFO] defaultconfigs 적용 중...
[2026-02-27 01:31:49] [INFO] kubejs 적용 중...
[2026-02-27 01:31:50] [INFO] datapacks 적용 중...
[2026-02-27 01:31:50] [INFO] resourcepacks 적용 중...
[2026-02-27 01:31:50] [INFO] shaderpacks 적용 중...
[2026-02-27 01:31:50] [INFO] 모드팩 적용 완료
[2026-02-27 01:31:50] [INFO] Forge 설치를 위해 인스톨러 GUI가 실행됩니다.
[2026-02-27 01:31:50] [INFO] 설치가 완료되면 자동으로 진행됩니다.
[2026-02-27 01:32:16] [INFO] Minecraft 실행 대기 중...
[2026-02-27 01:32:16] [INFO] Minecraft.exe 감지됨
[2026-02-27 01:32:16] [INFO] Minecraft 종료 대기 중...
[2026-02-27 01:41:57] [INFO] Minecraft 종료 감지
[2026-02-27 01:41:57] [INFO] 모드 환경 정리 중...
[2026-02-27 01:41:58] [INFO] 세션 종료
[2026-02-27 23:36:09] [INFO] Modular 시작
[2026-02-27 23:36:15] [ERROR] 모드팩 'Villiage-pack' 을(를) 찾을 수 없습니다.
[2026-02-27 23:36:21] [ERROR] 모드팩 'Villiage-pack' 을(를) 찾을 수 없습니다.
[2026-02-27 23:36:35] [ERROR] 모드팩 'Villiage-pack' 을(를) 찾을 수 없습니다.
[2026-02-27 23:36:41] [INFO] Village-pack 팩 적용 시작
[2026-02-27 23:36:41] [INFO] 기존 모드 환경 정리 중...
[2026-02-27 23:36:41] [INFO] mods 적용 중...
[2026-02-27 23:36:42] [INFO] config 적용 중...
[2026-02-27 23:36:43] [INFO] defaultconfigs 적용 중...
[2026-02-27 23:36:43] [INFO] kubejs 적용 중...
[2026-02-27 23:36:44] [INFO] datapacks 적용 중...
[2026-02-27 23:36:44] [INFO] resourcepacks 적용 중...
[2026-02-27 23:36:44] [INFO] shaderpacks 적용 중...
[2026-02-27 23:36:44] [INFO] 모드팩 적용 완료
[2026-02-27 23:36:44] [INFO] Forge 설치를 위해 인스톨러 GUI가 실행됩니다.
[2026-02-27 23:36:44] [INFO] 설치가 완료되면 자동으로 진행됩니다.
[2026-02-27 23:39:11] [INFO] Minecraft 실행 대기 중...
[2026-02-27 23:39:27] [INFO] Minecraft.exe 감지됨
[2026-02-27 23:39:27] [INFO] Minecraft 종료 대기 중...
[2026-02-27 23:46:29] [INFO] Minecraft 종료 감지
[2026-02-27 23:46:29] [INFO] 모드 환경 정리 중...
[2026-02-27 23:46:30] [INFO] 세션 종료
[2026-02-28 01:29:20] [INFO] Village-pack 팩 적용 시작
[2026-02-28 01:29:20] [INFO] 기존 모드 환경 정리 중...
[2026-02-28 01:29:20] [INFO] mods 적용 중...
[2026-02-28 01:29:21] [INFO] config 적용 중...
[2026-02-28 01:29:22] [INFO] defaultconfigs 적용 중...
[2026-02-28 01:29:22] [INFO] kubejs 적용 중...
[2026-02-28 01:29:22] [INFO] datapacks 적용 중...
[2026-02-28 01:29:22] [INFO] resourcepacks 적용 중...
[2026-02-28 01:29:22] [INFO] shaderpacks 적용 중...
[2026-02-28 01:29:22] [INFO] 모드팩 적용 완료
[2026-02-28 01:29:22] [INFO] Forge 설치를 위해 인스톨러 GUI가 실행됩니다.
[2026-02-28 01:29:22] [INFO] 설치가 완료되면 자동으로 진행됩니다.
[2026-02-28 01:29:52] [INFO] Minecraft 실행 대기 중...
[2026-02-28 01:29:52] [INFO] Minecraft.exe 감지됨
[2026-02-28 01:29:52] [INFO] Minecraft 종료 대기 중...
[2026-02-28 01:58:19] [INFO] Modular 시작
[2026-02-28 01:58:24] [ERROR] 모드팩 'Villiage-pack' 을(를) 찾을 수 없습니다.
[2026-02-28 01:58:28] [INFO] Village-pack 팩 적용 시작
[2026-02-28 01:58:28] [INFO] 기존 모드 환경 정리 중...
[2026-02-28 01:58:29] [INFO] mods 적용 중...
[2026-02-28 01:58:29] [INFO] config 적용 중...
[2026-02-28 01:58:30] [INFO] defaultconfigs 적용 중...
[2026-02-28 01:58:30] [INFO] kubejs 적용 중...
[2026-02-28 01:58:31] [INFO] datapacks 적용 중...
[2026-02-28 01:58:31] [INFO] resourcepacks 적용 중...
[2026-02-28 01:58:31] [INFO] shaderpacks 적용 중...
[2026-02-28 01:58:31] [INFO] 모드팩 적용 완료
[2026-02-28 01:58:31] [INFO] Forge 설치를 위해 인스톨러 GUI가 실행됩니다.
[2026-02-28 01:58:31] [INFO] 설치가 완료되면 자동으로 진행됩니다.
[2026-02-28 01:58:59] [INFO] Minecraft 실행 대기 중...
[2026-02-28 01:59:00] [INFO] Minecraft.exe 감지됨
[2026-02-28 01:59:00] [INFO] Minecraft 종료 대기 중...
[2026-02-28 23:02:06] [INFO] Modular 시작
[2026-02-28 23:02:12] [INFO] Village-pack 팩 적용 시작
[2026-02-28 23:02:12] [INFO] 기존 모드 환경 정리 중...
[2026-02-28 23:02:13] [INFO] mods 적용 중...
[2026-02-28 23:02:14] [INFO] config 적용 중...
[2026-02-28 23:02:15] [INFO] defaultconfigs 적용 중...
[2026-02-28 23:02:15] [INFO] kubejs 적용 중...
[2026-02-28 23:02:16] [INFO] datapacks 적용 중...
[2026-02-28 23:02:16] [INFO] resourcepacks 적용 중...
[2026-02-28 23:02:16] [INFO] shaderpacks 적용 중...
[2026-02-28 23:02:16] [INFO] 모드팩 적용 완료
[2026-02-28 23:02:16] [INFO] Forge 설치를 위해 인스톨러 GUI가 실행됩니다.
[2026-02-28 23:02:16] [INFO] 설치가 완료되면 자동으로 진행됩니다.
[2026-02-28 23:03:04] [INFO] Minecraft 실행 대기 중...
[2026-02-28 23:03:07] [INFO] Minecraft.exe 감지됨
[2026-02-28 23:03:07] [INFO] Minecraft 종료 대기 중...
[2026-02-28 23:21:58] [INFO] Minecraft 종료 감지
[2026-02-28 23:21:58] [INFO] 모드 환경 정리 중...
[2026-02-28 23:21:59] [INFO] 세션 종료
[2026-02-28 23:22:46] [INFO] Village-pack 팩 적용 시작
[2026-02-28 23:22:46] [INFO] 기존 모드 환경 정리 중...
[2026-02-28 23:22:46] [INFO] mods 적용 중...
[2026-02-28 23:22:46] [INFO] config 적용 중...
[2026-02-28 23:22:47] [INFO] defaultconfigs 적용 중...
[2026-02-28 23:22:47] [INFO] kubejs 적용 중...
[2026-02-28 23:22:48] [INFO] datapacks 적용 중...
[2026-02-28 23:22:48] [INFO] resourcepacks 적용 중...
[2026-02-28 23:22:48] [INFO] shaderpacks 적용 중...
[2026-02-28 23:22:48] [INFO] 모드팩 적용 완료
[2026-02-28 23:22:48] [INFO] Forge 설치를 위해 인스톨러 GUI가 실행됩니다.
[2026-02-28 23:22:48] [INFO] 설치가 완료되면 자동으로 진행됩니다.
[2026-02-28 23:23:11] [INFO] Minecraft 실행 대기 중...
[2026-02-28 23:23:11] [INFO] Minecraft.exe 감지됨
[2026-02-28 23:23:11] [INFO] Minecraft 종료 대기 중...
[2026-02-28 23:44:24] [INFO] Minecraft 종료 감지
[2026-02-28 23:44:24] [INFO] 모드 환경 정리 중...
[2026-02-28 23:44:25] [INFO] 세션 종료
[2026-02-28 23:44:32] [WARN] 알 수 없는 명령어: !Village-pack
[2026-02-28 23:44:36] [WARN] 알 수 없는 명령어: !Village-pack
[2026-02-28 23:44:41] [WARN] 알 수 없는 명령어: !Village-pack
[2026-02-28 23:44:47] [WARN] 알 수 없는 명령어: !Village-pack
[2026-02-28 23:44:51] [INFO] Village-pack 팩 적용 시작
[2026-02-28 23:44:51] [INFO] 기존 모드 환경 정리 중...
[2026-02-28 23:44:51] [INFO] mods 적용 중...
[2026-02-28 23:44:52] [INFO] resourcepacks 적용 중...
[2026-02-28 23:44:52] [INFO] shaderpacks 적용 중...
[2026-02-28 23:44:52] [INFO] 모드팩 적용 완료
[2026-02-28 23:44:52] [INFO] Forge 설치를 위해 인스톨러 GUI가 실행됩니다.
[2026-02-28 23:44:52] [INFO] 설치가 완료되면 자동으로 진행됩니다.
[2026-02-28 23:45:17] [INFO] Minecraft 실행 대기 중...
[2026-02-28 23:45:17] [INFO] Minecraft.exe 감지됨
[2026-02-28 23:45:17] [INFO] Minecraft 종료 대기 중...
[2026-02-28 23:48:27] [INFO] 
[EXIT] Ctrl+C 감지, Modular 종료
[2026-02-28 23:48:32] [INFO] Modular 시작
[2026-02-28 23:48:35] [WARN] 알 수 없는 명령어: !Run
[2026-02-28 23:48:39] [INFO] Village-pack 팩 적용 시작
[2026-02-28 23:48:39] [INFO] 기존 모드 환경 정리 중...
[2026-02-28 23:48:40] [INFO] mods 적용 중...
[2026-02-28 23:48:40] [INFO] config 적용 중...
[2026-02-28 23:48:41] [INFO] resourcepacks 적용 중...
[2026-02-28 23:48:41] [INFO] shaderpacks 적용 중...
[2026-02-28 23:48:41] [INFO] 모드팩 적용 완료
[2026-02-28 23:48:41] [INFO] Forge 설치를 위해 인스톨러 GUI가 실행됩니다.
[2026-02-28 23:48:41] [INFO] 설치가 완료되면 자동으로 진행됩니다.
[2026-02-28 23:49:18] [INFO] Minecraft 실행 대기 중...
[2026-02-28 23:49:18] [INFO] Minecraft.exe 감지됨
[2026-02-28 23:49:18] [INFO] Minecraft 종료 대기 중...
[2026-02-28 23:57:59] [INFO] 
[EXIT] Ctrl+C 감지, Modular 종료
[2026-02-28 23:58:04] [INFO] Modular 시작
[2026-02-28 23:58:07] [INFO] Village-pack 팩 적용 시작
[2026-02-28 23:58:07] [INFO] 기존 모드 환경 정리 중...
[2026-02-28 23:58:07] [INFO] mods 적용 중...
[2026-02-28 23:58:08] [INFO] config 적용 중...
[2026-02-28 23:58:09] [INFO] shaderpacks 적용 중...
[2026-02-28 23:58:09] [INFO] 모드팩 적용 완료
[2026-02-28 23:58:09] [INFO] Forge 설치를 위해 인스톨러 GUI가 실행됩니다.
[2026-02-28 23:58:09] [INFO] 설치가 완료되면 자동으로 진행됩니다.
[2026-02-28 23:58:42] [INFO] Minecraft 실행 대기 중...
[2026-02-28 23:58:42] [INFO] Minecraft.exe 감지됨
[2026-02-28 23:58:42] [INFO] Minecraft 종료 대기 중...
[2026-03-01 00:06:53] [INFO] 
[EXIT] Ctrl+C 감지, Modular 종료
[2026-03-01 00:06:57] [INFO] Modular 시작
[2026-03-01 00:07:02] [INFO] Village-pack 팩 적용 시작
[2026-03-01 00:07:02] [INFO] 기존 모드 환경 정리 중...
[2026-03-01 00:07:02] [INFO] mods 적용 중...
[2026-03-01 00:07:03] [INFO] 모드팩 적용 완료
[2026-03-01 00:07:03] [INFO] Forge 설치를 위해 인스톨러 GUI가 실행됩니다.
[2026-03-01 00:07:03] [INFO] 설치가 완료되면 자동으로 진행됩니다.
[2026-03-01 00:08:25] [INFO] Minecraft 실행 대기 중...
[2026-03-01 00:08:25] [INFO] Minecraft.exe 감지됨
[2026-03-01 00:08:25] [INFO] Minecraft 종료 대기 중...
[2026-03-01 00:12:13] [INFO] 
[EXIT] Ctrl+C 감지, Modular 종료
[2026-03-01 00:12:16] [INFO] Modular 시작
[2026-03-01 00:12:22] [INFO] Cursed-walking-pack 팩 적용 시작
[2026-03-01 00:12:22] [INFO] 기존 모드 환경 정리 중...
[2026-03-01 00:12:22] [INFO] mods 적용 중...
[2026-03-01 00:12:22] [INFO] config 적용 중...
[2026-03-01 00:12:24] [INFO] defaultconfigs 적용 중...
[2026-03-01 00:12:24] [INFO] kubejs 적용 중...
[2026-03-01 00:12:24] [INFO] resourcepacks 적용 중...
[2026-03-01 00:12:24] [INFO] shaderpacks 적용 중...
[2026-03-01 00:12:25] [INFO] fancymenu_data 적용 중...
[2026-03-01 00:12:25] [INFO] options.txt 적용 중...
[2026-03-01 00:12:25] [INFO] 모드팩 적용 완료
[2026-03-01 00:12:25] [INFO] Forge 설치를 위해 인스톨러 GUI가 실행됩니다.
[2026-03-01 00:12:25] [INFO] 설치가 완료되면 자동으로 진행됩니다.
[2026-03-01 00:13:08] [INFO] Minecraft 실행 대기 중...
[2026-03-01 00:13:08] [INFO] Minecraft.exe 감지됨
[2026-03-01 00:13:08] [INFO] Minecraft 종료 대기 중...
[2026-03-01 02:03:03] [INFO] Modular 시작
[2026-03-01 02:03:06] [INFO] battle-pack 팩 적용 시작
[2026-03-01 02:03:06] [INFO] 기존 모드 환경 정리 중...
[2026-03-01 02:03:07] [INFO] mods 적용 중...
[2026-03-01 02:03:07] [INFO] 모드팩 적용 완료
[2026-03-01 02:03:07] [INFO] Fabric 로더 설치 중...
[2026-03-01 02:03:09] [INFO] Minecraft 실행 대기 중...
[2026-03-01 02:03:19] [INFO] Minecraft.exe 감지됨
[2026-03-01 02:03:19] [INFO] Minecraft 종료 대기 중...
[2026-03-01 02:04:11] [INFO] Minecraft 종료 감지
[2026-03-01 02:04:11] [INFO] Fabric 로더 제거 중: fabric-loader-0.18.4-1.20.1
[2026-03-01 02:04:11] [INFO] 모드 환경 정리 중...
[2026-03-01 02:04:11] [INFO] 세션 종료
[2026-03-01 02:05:55] [INFO] 
[EXIT] Ctrl+C 감지, Modular 종료
[2026-03-01 02:05:59] [INFO] Modular 시작
[2026-03-01 02:06:03] [INFO] battle-pack 팩 적용 시작
[2026-03-01 02:06:03] [INFO] 기존 모드 환경 정리 중...
[2026-03-01 02:06:03] [INFO] mods 적용 중...
[2026-03-01 02:06:03] [INFO] 모드팩 적용 완료
[2026-03-01 02:06:03] [INFO] Fabric 로더 설치 중...
[2026-03-01 02:06:06] [INFO] Minecraft 실행 대기 중...
[2026-03-01 02:06:31] [INFO] 
[EXIT] Ctrl+C 감지, Modular 종료
[2026-03-01 02:06:33] [INFO] Modular 시작
[2026-03-01 02:06:36] [INFO] battle-pack 팩 적용 시작
[2026-03-01 02:06:36] [INFO] 기존 모드 환경 정리 중...
[2026-03-01 02:06:36] [INFO] mods 적용 중...
[2026-03-01 02:06:36] [INFO] 모드팩 적용 완료
[2026-03-01 02:06:36] [INFO] Fabric 로더 설치 중...
[2026-03-01 02:06:38] [INFO] Minecraft 실행 대기 중...
[2026-03-01 02:07:06] [INFO] Modular 시작
[2026-03-01 02:07:08] [INFO] battle-pack 팩 적용 시작
[2026-03-01 02:07:08] [INFO] 기존 모드 환경 정리 중...
[2026-03-01 02:07:08] [INFO] mods 적용 중...
[2026-03-01 02:07:08] [INFO] 모드팩 적용 완료
[2026-03-01 02:07:08] [INFO] Fabric 로더 설치 중...
[2026-03-01 02:07:09] [INFO] Minecraft 실행 대기 중...
[2026-03-01 02:07:55] [INFO] javaw.exe 감지됨
[2026-03-01 02:07:55] [INFO] Minecraft 종료 대기 중...
[2026-03-01 02:08:07] [INFO] Minecraft 종료 감지
[2026-03-01 02:08:07] [INFO] Fabric 로더 제거 중: fabric-loader-0.18.4-1.20.1
[2026-03-01 02:08:07] [INFO] 모드 환경 정리 중...
[2026-03-01 02:08:07] [INFO] 세션 종료
[2026-03-01 02:08:57] [INFO] Modular 시작
[2026-03-01 02:09:02] [INFO] battle-pack 팩 적용 시작
[2026-03-01 02:09:02] [INFO] 기존 모드 환경 정리 중...
[2026-03-01 02:09:02] [INFO] mods 적용 중...
[2026-03-01 02:09:02] [INFO] 모드팩 적용 완료
[2026-03-01 02:09:02] [INFO] Fabric 로더 설치 중...
[2026-03-01 02:09:04] [INFO] Minecraft 실행 대기 중...
[2026-03-01 02:09:56] [INFO] Minecraft.exe 감지됨
[2026-03-01 02:09:56] [INFO] Minecraft 종료 대기 중...
[2026-03-01 02:10:42] [INFO] Minecraft 종료 감지
[2026-03-01 02:10:42] [INFO] Fabric 로더 제거 중: fabric-loader-0.18.4-1.20.1
[2026-03-01 02:10:42] [INFO] 모드 환경 정리 중...
[2026-03-01 02:10:42] [INFO] 세션 종료
[2026-03-01 02:10:43] [WARN] 알 수 없는 명령어: !LIST
[2026-03-01 02:10:49] [INFO] battle-pack 팩 적용 시작
[2026-03-01 02:10:49] [INFO] 기존 모드 환경 정리 중...
[2026-03-01 02:10:49] [INFO] mods 적용 중...
[2026-03-01 02:10:50] [INFO] 모드팩 적용 완료
[2026-03-01 02:10:50] [INFO] Fabric 로더 설치 중...
[2026-03-01 02:10:51] [INFO] Minecraft 실행 대기 중...
[2026-03-01 02:10:58] [INFO] Minecraft.exe 감지됨
[2026-03-01 02:10:58] [INFO] Minecraft 종료 대기 중...
[2026-03-01 02:14:09] [INFO] Minecraft 종료 감지
[2026-03-01 02:14:09] [INFO] Fabric 로더 제거 중: fabric-loader-0.18.4-1.20.1
[2026-03-01 02:14:09] [INFO] 모드 환경 정리 중...
[2026-03-01 02:14:09] [INFO] 세션 종료
[2026-03-01 02:14:15] [INFO] battle-pack 팩 적용 시작
[2026-03-01 02:14:15] [INFO] 기존 모드 환경 정리 중...
[2026-03-01 02:14:15] [INFO] mods 적용 중...
[2026-03-01 02:14:15] [INFO] 모드팩 적용 완료
[2026-03-01 02:14:15] [INFO] Fabric 로더 설치 중...
[2026-03-01 02:14:17] [INFO] Minecraft 실행 대기 중...
[2026-03-01 02:14:22] [INFO] Minecraft.exe 감지됨
[2026-03-01 02:14:22] [INFO] Minecraft 종료 대기 중...
[2026-03-01 02:16:20] [INFO] Minecraft 종료 감지
[2026-03-01 02:16:21] [INFO] 모드 환경 정리 중...
[2026-03-01 02:16:21] [INFO] 세션 종료
[2026-03-01 02:16:23] [INFO] battle-pack 팩 적용 시작
[2026-03-01 02:16:23] [INFO] 기존 모드 환경 정리 중...
[2026-03-01 02:16:23] [INFO] mods 적용 중...
[2026-03-01 02:16:23] [INFO] 모드팩 적용 완료
[2026-03-01 02:16:23] [INFO] Fabric 로더 설치 중...
[2026-03-01 02:16:26] [INFO] Minecraft 실행 대기 중...
[2026-03-01 02:16:31] [INFO] Minecraft.exe 감지됨
[2026-03-01 02:16:31] [INFO] Minecraft 종료 대기 중...
[2026-03-01 02:16:50] [INFO] Minecraft 종료 감지
[2026-03-01 02:16:50] [INFO] Fabric 로더 제거 중: fabric-loader-0.15.11-1.21
[2026-03-01 02:16:50] [INFO] Fabric 로더 제거 중: fabric-loader-0.16.9-1.21.4
[2026-03-01 02:16:50] [INFO] Fabric 로더 제거 중: fabric-loader-0.17.2-1.21.8
[2026-03-01 02:16:50] [INFO] Fabric 로더 제거 중: fabric-loader-0.18.4-1.21
[2026-03-01 02:16:50] [INFO] Fabric 로더 제거 중: fabric-loader-0.18.4-1.21.1
[2026-03-01 02:16:50] [INFO] 모드 환경 정리 중...
[2026-03-01 02:16:50] [INFO] 세션 종료
[2026-03-01 02:18:01] [INFO] battle-pack 팩 적용 시작
[2026-03-01 02:18:01] [INFO] 기존 모드 환경 정리 중...
[2026-03-01 02:18:01] [INFO] mods 적용 중...
[2026-03-01 02:18:01] [INFO] 모드팩 적용 완료
[2026-03-01 02:18:01] [INFO] Fabric 로더 설치 중...
[2026-03-01 02:18:03] [INFO] Minecraft 실행 대기 중...
[2026-03-01 02:18:03] [INFO] Minecraft.exe 감지됨
[2026-03-01 02:18:03] [INFO] Minecraft 종료 대기 중...
[2026-03-01 02:19:03] [INFO] Minecraft 종료 감지
[2026-03-01 02:19:03] [INFO] Fabric 로더 제거 중: fabric-loader-0.18.4-1.21
[2026-03-01 02:19:03] [INFO] 모드 환경 정리 중...
[2026-03-01 02:19:03] [INFO] 세션 종료
[2026-03-01 02:19:31] [INFO] battle-pack 팩 적용 시작
[2026-03-01 02:19:31] [INFO] 기존 모드 환경 정리 중...
[2026-03-01 02:19:31] [INFO] mods 적용 중...
[2026-03-01 02:19:31] [INFO] 모드팩 적용 완료
[2026-03-01 02:19:31] [INFO] Fabric 로더 설치 중...
[2026-03-01 02:19:33] [INFO] Minecraft 실행 대기 중...
[2026-03-01 02:19:38] [INFO] Minecraft.exe 감지됨
[2026-03-01 02:19:38] [INFO] Minecraft 종료 대기 중...
[2026-03-01 02:22:02] [INFO] Minecraft 종료 감지
[2026-03-01 02:22:02] [INFO] 모드 환경 정리 중...
[2026-03-01 02:22:02] [INFO] 세션 종료
[2026-03-01 02:22:18] [INFO] battle-pack 팩 적용 시작
[2026-03-01 02:22:18] [INFO] 기존 모드 환경 정리 중...
[2026-03-01 02:22:18] [INFO] mods 적용 중...
[2026-03-01 02:22:18] [INFO] 모드팩 적용 완료
[2026-03-01 02:22:18] [INFO] Fabric 로더 설치 중...
[2026-03-01 02:22:21] [INFO] Minecraft 실행 대기 중...
[2026-03-01 02:22:21] [INFO] Minecraft.exe 감지됨
[2026-03-01 02:22:21] [INFO] Minecraft 종료 대기 중...
[2026-03-01 02:24:19] [INFO] Minecraft 종료 감지
[2026-03-01 02:24:19] [INFO] Fabric 로더 제거 중: fabric-loader-0.18.4-1.21
[2026-03-01 02:24:19] [INFO] 모드 환경 정리 중...
[2026-03-01 02:24:19] [INFO] 세션 종료
[2026-03-01 02:24:22] [INFO] battle-pack 팩 적용 시작
[2026-03-01 02:24:22] [INFO] 기존 모드 환경 정리 중...
[2026-03-01 02:24:22] [INFO] mods 적용 중...
[2026-03-01 02:24:22] [INFO] 모드팩 적용 완료
[2026-03-01 02:24:22] [INFO] Fabric 로더 설치 중...
[2026-03-01 02:24:24] [INFO] Minecraft 실행 대기 중...
[2026-03-01 02:24:33] [INFO] Minecraft.exe 감지됨
[2026-03-01 02:24:33] [INFO] Minecraft 종료 대기 중...
[2026-03-01 02:27:17] [INFO] Minecraft 종료 감지
[2026-03-01 02:27:17] [INFO] Fabric 로더 제거 중: fabric-loader-0.18.4-1.21
[2026-03-01 02:27:17] [INFO] 모드 환경 정리 중...
[2026-03-01 02:27:17] [INFO] 세션 종료
[2026-03-01 02:27:54] [INFO] battle-pack 팩 적용 시작
[2026-03-01 02:27:54] [INFO] 기존 모드 환경 정리 중...
[2026-03-01 02:27:54] [INFO] mods 적용 중...
[2026-03-01 02:27:54] [INFO] 모드팩 적용 완료
[2026-03-01 02:27:54] [INFO] Fabric 로더 설치 중...
[2026-03-01 02:27:57] [INFO] Minecraft 실행 대기 중...
[2026-03-01 02:28:00] [INFO] Minecraft.exe 감지됨
[2026-03-01 02:28:00] [INFO] Minecraft 종료 대기 중...
[2026-03-01 03:17:26] [INFO] Modular 시작
[2026-03-01 03:17:28] [INFO] battle-pack 팩 적용 시작
[2026-03-01 03:17:28] [INFO] 기존 모드 환경 정리 중...
[2026-03-01 03:17:28] [INFO] mods 적용 중...
[2026-03-01 03:17:28] [INFO] 모드팩 적용 완료
[2026-03-01 03:17:28] [INFO] Fabric 로더 설치 중...
[2026-03-01 03:17:30] [INFO] Minecraft 실행 대기 중...
[2026-03-01 03:17:30] [INFO] Minecraft.exe 감지됨
[2026-03-01 03:17:30] [INFO] Minecraft 종료 대기 중...
[2026-03-01 03:19:41] [INFO] 
[EXIT] Ctrl+C 감지, Modular 종료
[2026-03-01 03:19:53] [INFO] Modular 시작
[2026-03-01 03:19:55] [INFO] battle-pack 팩 적용 시작
[2026-03-01 03:19:55] [INFO] 기존 모드 환경 정리 중...
[2026-03-01 03:19:55] [INFO] mods 적용 중...
[2026-03-01 03:19:55] [INFO] 모드팩 적용 완료
[2026-03-01 03:19:55] [INFO] Fabric 로더 설치 중...
[2026-03-01 03:19:57] [INFO] Minecraft 실행 대기 중...
[2026-03-01 03:19:57] [INFO] Minecraft.exe 감지됨
[2026-03-01 03:19:57] [INFO] Minecraft 종료 대기 중...
[2026-03-01 04:39:24] [INFO] Minecraft 종료 감지
[2026-03-01 04:39:24] [INFO] Fabric 로더 제거 중: fabric-loader-0.18.4-1.21
[2026-03-01 04:39:24] [INFO] 모드 환경 정리 중...
[2026-03-01 04:39:24] [INFO] 세션 종료
[2026-03-01 04:39:34] [INFO] battle-pack 팩 적용 시작
[2026-03-01 04:39:34] [INFO] 기존 모드 환경 정리 중...
[2026-03-01 04:39:34] [INFO] mods 적용 중...
[2026-03-01 04:39:34] [INFO] 모드팩 적용 완료
[2026-03-01 04:39:34] [INFO] Fabric 로더 설치 중...
[2026-03-01 04:39:37] [INFO] Minecraft 실행 대기 중...
[2026-03-01 04:39:42] [INFO] Minecraft.exe 감지됨
[2026-03-01 04:39:42] [INFO] Minecraft 종료 대기 중...
[2026-03-01 04:40:39] [INFO] 
[EXIT] Ctrl+C 감지, Modular 종료
[2026-03-01 04:40:42] [INFO] Modular 시작
[2026-03-01 04:40:45] [INFO] battle-pack 팩 적용 시작
[2026-03-01 04:40:45] [INFO] 기존 모드 환경 정리 중...
[2026-03-01 04:40:45] [INFO] mods 적용 중...
[2026-03-01 04:40:45] [INFO] 모드팩 적용 완료
[2026-03-01 04:40:45] [INFO] Fabric 로더 설치 중...
[2026-03-01 04:40:46] [INFO] Minecraft 실행 대기 중...
[2026-03-01 04:40:46] [INFO] Minecraft.exe 감지됨
[2026-03-01 04:40:46] [INFO] Minecraft 종료 대기 중...
[2026-03-01 04:41:12] [INFO] Minecraft 종료 감지
[2026-03-01 04:41:12] [INFO] Fabric 로더 제거 중: fabric-loader-0.18.4-1.21
[2026-03-01 04:41:12] [INFO] 모드 환경 정리 중...
[2026-03-01 04:41:12] [INFO] 세션 종료
[2026-03-01 04:41:56] [INFO] battle-pack 팩 적용 시작
[2026-03-01 04:41:56] [INFO] 기존 모드 환경 정리 중...
[2026-03-01 04:41:56] [INFO] mods 적용 중...
[2026-03-01 04:41:57] [INFO] 모드팩 적용 완료
[2026-03-01 04:41:57] [INFO] Fabric 로더 설치 중...
[2026-03-01 04:41:59] [INFO] Minecraft 실행 대기 중...
[2026-03-01 04:41:59] [INFO] Minecraft.exe 감지됨
[2026-03-01 04:41:59] [INFO] Minecraft 종료 대기 중...
[2026-03-01 04:42:07] [INFO] Minecraft 종료 감지
[2026-03-01 04:42:07] [INFO] Fabric 로더 제거 중: fabric-loader-0.18.4-1.21
[2026-03-01 04:42:07] [INFO] 모드 환경 정리 중...
[2026-03-01 04:42:07] [INFO] 세션 종료
[2026-03-01 04:42:09] [INFO] battle-pack 팩 적용 시작
[2026-03-01 04:42:09] [INFO] 기존 모드 환경 정리 중...
[2026-03-01 04:42:09] [INFO] mods 적용 중...
[2026-03-01 04:42:09] [INFO] 모드팩 적용 완료
[2026-03-01 04:42:09] [INFO] Fabric 로더 설치 중...
[2026-03-01 04:42:11] [INFO] Minecraft 실행 대기 중...
[2026-03-01 04:42:15] [INFO] Minecraft.exe 감지됨
[2026-03-01 04:42:15] [INFO] Minecraft 종료 대기 중...
[2026-03-01 04:44:23] [INFO] Minecraft 종료 감지
[2026-03-01 04:44:23] [INFO] Fabric 로더 제거 중: fabric-loader-0.18.4-1.21
[2026-03-01 04:44:23] [INFO] 모드 환경 정리 중...
[2026-03-01 04:44:23] [INFO] 세션 종료
[2026-03-01 04:44:28] [INFO] battle-pack 팩 적용 시작
[2026-03-01 04:44:28] [INFO] 기존 모드 환경 정리 중...
[2026-03-01 04:44:28] [INFO] mods 적용 중...
[2026-03-01 04:44:28] [INFO] 모드팩 적용 완료
[2026-03-01 04:44:28] [INFO] Fabric 로더 설치 중...
[2026-03-01 04:44:31] [INFO] Minecraft 실행 대기 중...
[2026-03-01 04:44:35] [INFO] Minecraft.exe 감지됨
[2026-03-01 04:44:35] [INFO] Minecraft 종료 대기 중...
[2026-03-01 04:47:27] [INFO] Modular 시작
[2026-03-01 04:47:29] [INFO] battle-pack 팩 적용 시작
[2026-03-01 04:47:29] [INFO] 기존 모드 환경 정리 중...
[2026-03-01 04:47:29] [INFO] mods 적용 중...
[2026-03-01 04:47:29] [INFO] 모드팩 적용 완료
[2026-03-01 04:47:29] [INFO] Fabric 로더 설치 중...
[2026-03-01 04:47:32] [INFO] Minecraft 실행 대기 중...
[2026-03-01 04:47:32] [INFO] Minecraft.exe 감지됨
[2026-03-01 04:47:32] [INFO] Minecraft 종료 대기 중...
[2026-03-01 04:48:22] [INFO] Minecraft 종료 감지
[2026-03-01 04:48:22] [INFO] Fabric 로더 제거 중: fabric-loader-0.18.4-1.21
[2026-03-01 04:48:22] [INFO] 모드 환경 정리 중...
[2026-03-01 04:48:22] [INFO] 세션 종료
[2026-03-01 04:48:26] [INFO] battle-pack 팩 적용 시작
[2026-03-01 04:48:26] [INFO] 기존 모드 환경 정리 중...
[2026-03-01 04:48:26] [INFO] mods 적용 중...
[2026-03-01 04:48:26] [INFO] 모드팩 적용 완료
[2026-03-01 04:48:26] [INFO] Fabric 로더 설치 중...
[2026-03-01 04:48:29] [INFO] Minecraft 실행 대기 중...
[2026-03-01 04:48:54] [INFO] Minecraft.exe 감지됨
[2026-03-01 04:48:54] [INFO] Minecraft 종료 대기 중...
[2026-03-01 04:50:56] [INFO] Minecraft 종료 감지
[2026-03-01 04:50:56] [INFO] Fabric 로더 제거 중: fabric-loader-0.18.4-1.21
[2026-03-01 04:50:56] [INFO] 모드 환경 정리 중...
[2026-03-01 04:50:56] [INFO] 세션 종료
[2026-03-01 04:51:17] [INFO] battle-pack 팩 적용 시작
[2026-03-01 04:51:17] [INFO] 기존 모드 환경 정리 중...
[2026-03-01 04:51:17] [INFO] mods 적용 중...
[2026-03-01 04:51:17] [INFO] 모드팩 적용 완료
[2026-03-01 04:51:17] [INFO] Fabric 로더 설치 중...
[2026-03-01 04:51:21] [INFO] Minecraft 실행 대기 중...
[2026-03-01 04:52:01] [INFO] Minecraft.exe 감지됨
[2026-03-01 04:52:01] [INFO] Minecraft 종료 대기 중...
[2026-03-01 04:54:35] [INFO] Minecraft 종료 감지
[2026-03-01 04:54:35] [INFO] Fabric 로더 제거 중: fabric-loader-0.18.4-1.21
[2026-03-01 04:54:35] [INFO] 모드 환경 정리 중...
[2026-03-01 04:54:35] [INFO] 세션 종료
[2026-03-01 04:54:38] [INFO] battle-pack 팩 적용 시작
[2026-03-01 04:54:38] [INFO] 기존 모드 환경 정리 중...
[2026-03-01 04:54:38] [INFO] mods 적용 중...
[2026-03-01 04:54:38] [INFO] 모드팩 적용 완료
[2026-03-01 04:54:38] [INFO] Fabric 로더 설치 중...
[2026-03-01 04:54:40] [INFO] Minecraft 실행 대기 중...
[2026-03-01 04:54:44] [INFO] Minecraft.exe 감지됨
[2026-03-01 04:54:44] [INFO] Minecraft 종료 대기 중...
[2026-03-01 04:56:37] [INFO] Minecraft 종료 감지
[2026-03-01 04:56:37] [INFO] Fabric 로더 제거 중: fabric-loader-0.18.4-1.21
[2026-03-01 04:56:37] [INFO] 모드 환경 정리 중...
[2026-03-01 04:56:37] [INFO] 세션 종료
[2026-03-01 04:57:14] [WARN] 알 수 없는 명령어: !
[2026-03-01 04:57:18] [INFO] battle-pack 팩 적용 시작
[2026-03-01 04:57:18] [INFO] 기존 모드 환경 정리 중...
[2026-03-01 04:57:18] [INFO] mods 적용 중...
[2026-03-01 04:57:18] [INFO] 모드팩 적용 완료
[2026-03-01 04:57:18] [INFO] Fabric 로더 설치 중...
[2026-03-01 04:57:20] [INFO] Minecraft 실행 대기 중...
[2026-03-01 04:57:20] [INFO] Minecraft.exe 감지됨
[2026-03-01 04:57:20] [INFO] Minecraft 종료 대기 중...
[2026-03-01 04:57:40] [INFO] 
[EXIT] Ctrl+C 감지, Modular 종료
[2026-03-01 04:57:53] [INFO] Modular 시작
[2026-03-01 04:57:56] [INFO] battle-pack 팩 적용 시작
[2026-03-01 04:57:56] [INFO] 기존 모드 환경 정리 중...
[2026-03-01 04:57:56] [INFO] mods 적용 중...
[2026-03-01 04:57:56] [INFO] 모드팩 적용 완료
[2026-03-01 04:57:56] [INFO] Fabric 로더 설치 중...
[2026-03-01 04:57:58] [INFO] Minecraft 실행 대기 중...
[2026-03-01 04:57:58] [INFO] Minecraft.exe 감지됨
[2026-03-01 04:57:58] [INFO] Minecraft 종료 대기 중...
[2026-03-01 04:58:00] [INFO] Minecraft 종료 감지
[2026-03-01 04:58:00] [INFO] Fabric 로더 제거 중: fabric-loader-0.18.4-1.21
[2026-03-01 04:58:00] [INFO] 모드 환경 정리 중...
[2026-03-01 04:58:00] [INFO] 세션 종료
[2026-03-01 04:58:08] [INFO] battle-pack 팩 적용 시작
[2026-03-01 04:58:08] [INFO] 기존 모드 환경 정리 중...
[2026-03-01 04:58:08] [INFO] mods 적용 중...
[2026-03-01 04:58:08] [INFO] 모드팩 적용 완료
[2026-03-01 04:58:08] [INFO] Fabric 로더 설치 중...
[2026-03-01 04:58:10] [INFO] Minecraft 실행 대기 중...
[2026-03-01 04:58:15] [INFO] Minecraft.exe 감지됨
[2026-03-01 04:58:15] [INFO] Minecraft 종료 대기 중...
[2026-03-01 05:01:35] [INFO] Minecraft 종료 감지
[2026-03-01 05:01:35] [INFO] Fabric 로더 제거 중: fabric-loader-0.18.4-1.21
[2026-03-01 05:01:35] [INFO] 모드 환경 정리 중...
[2026-03-01 05:01:35] [INFO] 세션 종료
[2026-03-01 05:05:17] [INFO] battle-pack 팩 적용 시작
[2026-03-01 05:05:17] [INFO] 기존 모드 환경 정리 중...
[2026-03-01 05:05:17] [INFO] mods 적용 중...
[2026-03-01 05:05:17] [INFO] config 적용 중...
[2026-03-01 05:05:17] [INFO] 모드팩 적용 완료
[2026-03-01 05:05:17] [INFO] Fabric 로더 설치 중...
[2026-03-01 05:05:20] [INFO] Minecraft 실행 대기 중...
[2026-03-01 05:05:33] [INFO] Minecraft.exe 감지됨
[2026-03-01 05:05:33] [INFO] Minecraft 종료 대기 중...
[2026-03-01 05:21:22] [INFO] Minecraft 종료 감지
[2026-03-01 05:21:22] [INFO] Fabric 로더 제거 중: fabric-loader-0.18.4-1.21
[2026-03-01 05:21:22] [INFO] 모드 환경 정리 중...
[2026-03-01 05:21:22] [INFO] 세션 종료
[2026-03-01 05:21:35] [INFO] battle-pack 팩 적용 시작
[2026-03-01 05:21:35] [INFO] 기존 모드 환경 정리 중...
[2026-03-01 05:21:35] [INFO] mods 적용 중...
[2026-03-01 05:21:35] [INFO] config 적용 중...
[2026-03-01 05:21:35] [INFO] 모드팩 적용 완료
[2026-03-01 05:21:35] [INFO] Fabric 로더 설치 중...
[2026-03-01 05:21:38] [INFO] Minecraft 실행 대기 중...
[2026-03-01 05:22:04] [INFO] Minecraft.exe 감지됨
[2026-03-01 05:22:04] [INFO] Minecraft 종료 대기 중...
[2026-03-01 13:02:30] [INFO] Modular 시작
[2026-03-01 13:02:33] [INFO] battle-pack 팩 적용 시작
[2026-03-01 13:02:33] [INFO] 기존 모드 환경 정리 중...
[2026-03-01 13:02:33] [INFO] mods 적용 중...
[2026-03-01 13:02:34] [INFO] config 적용 중...
[2026-03-01 13:02:34] [INFO] 모드팩 적용 완료
[2026-03-01 13:02:34] [INFO] Fabric 로더 설치 중...
[2026-03-01 13:02:35] [INFO] Minecraft 실행 대기 중...
[2026-03-01 13:02:38] [INFO] Minecraft.exe 감지됨
[2026-03-01 13:02:38] [INFO] Minecraft 종료 대기 중...
